<?xml version="1.0" encoding="UTF-8"?>
<testsuite name="DecryptTest" tests="1" skipped="0" failures="0" errors="0" timestamp="2019-05-13T02:22:57" hostname="Zeus3450" time="0.002">
  <properties/>
  <testcase name="runDecrypt" classname="DecryptTest" time="0.002"/>
  <system-out><![CDATA[]]></system-out>
  <system-err><![CDATA[]]></system-err>
</testsuite>
